/usr/lib/python3/dist-packages/urllib3/connectionpool.py:794: InsecureRequestWarning: Unverified HTTPS request is being made. Adding certificate verification is strongly advised. See: https://urllib3.readthedocs.org/en/latest/security.html
  InsecureRequestWarning)
/usr/local/lib/python3.5/dist-packages/pandas/core/indexing.py:189: SettingWithCopyWarning: 
A value is trying to be set on a copy of a slice from a DataFrame

See the caveats in the documentation: http://pandas.pydata.org/pandas-docs/stable/indexing.html#indexing-view-versus-copy
  self._setitem_with_indexer(indexer, value)
1hBTCUSDdata_bitfinex
<class 'str'>
20180925 13:00:01,20180925 14:00:06
....requesting url:https://api.bitfinex.com/v2/candles/trade:1h:tBTCUSD/hist?end=1537855206000.0&limit=1&sort=-1&start=1537851601000
                               close    high     low
time                                                
2018-09-25 14:00:00+08:00  6423.8211  6473.4  6414.5
tBTCUSD1h20180925 13:00:0120180925 14:00:06
1
updating date at time2018-09-25 15:00:12.795060
data updated at time2018-09-25 15:00:12.795086
/usr/lib/python3/dist-packages/urllib3/connectionpool.py:794: InsecureRequestWarning: Unverified HTTPS request is being made. Adding certificate verification is strongly advised. See: https://urllib3.readthedocs.org/en/latest/security.html
  InsecureRequestWarning)
/usr/local/lib/python3.5/dist-packages/pandas/core/indexing.py:189: SettingWithCopyWarning: 
A value is trying to be set on a copy of a slice from a DataFrame

See the caveats in the documentation: http://pandas.pydata.org/pandas-docs/stable/indexing.html#indexing-view-versus-copy
  self._setitem_with_indexer(indexer, value)
1hBTCUSDdata_bitfinex
<class 'str'>
20180925 14:00:01,20180925 15:00:06
....requesting url:https://api.bitfinex.com/v2/candles/trade:1h:tBTCUSD/hist?end=1537858806000.0&limit=1&sort=-1&start=1537855201000
                                 close  high          low
time                                                     
2018-09-25 15:00:00+08:00  6383.015011  6445  6369.365288
tBTCUSD1h20180925 14:00:0120180925 15:00:06
1
updating date at time2018-09-25 16:00:12.513008
data updated at time2018-09-25 16:00:12.513053
/usr/lib/python3/dist-packages/urllib3/connectionpool.py:794: InsecureRequestWarning: Unverified HTTPS request is being made. Adding certificate verification is strongly advised. See: https://urllib3.readthedocs.org/en/latest/security.html
  InsecureRequestWarning)
/usr/local/lib/python3.5/dist-packages/pandas/core/indexing.py:189: SettingWithCopyWarning: 
A value is trying to be set on a copy of a slice from a DataFrame

See the caveats in the documentation: http://pandas.pydata.org/pandas-docs/stable/indexing.html#indexing-view-versus-copy
  self._setitem_with_indexer(indexer, value)
1hBTCUSDdata_bitfinex
<class 'str'>
20180925 15:00:01,20180925 16:00:06
....requesting url:https://api.bitfinex.com/v2/candles/trade:1h:tBTCUSD/hist?end=1537862406000.0&limit=1&sort=-1&start=1537858801000
                                 close         high     low
time                                                       
2018-09-25 16:00:00+08:00  6408.835207  6421.413305  6375.3
tBTCUSD1h20180925 15:00:0120180925 16:00:06
1
updating date at time2018-09-25 17:00:13.155992
data updated at time2018-09-25 17:00:13.156023
/usr/lib/python3/dist-packages/urllib3/connectionpool.py:794: InsecureRequestWarning: Unverified HTTPS request is being made. Adding certificate verification is strongly advised. See: https://urllib3.readthedocs.org/en/latest/security.html
  InsecureRequestWarning)
/usr/local/lib/python3.5/dist-packages/pandas/core/indexing.py:189: SettingWithCopyWarning: 
A value is trying to be set on a copy of a slice from a DataFrame

See the caveats in the documentation: http://pandas.pydata.org/pandas-docs/stable/indexing.html#indexing-view-versus-copy
  self._setitem_with_indexer(indexer, value)
1hBTCUSDdata_bitfinex
<class 'str'>
20180925 16:00:01,20180925 17:00:05
....requesting url:https://api.bitfinex.com/v2/candles/trade:1h:tBTCUSD/hist?end=1537866005000.0&limit=1&sort=-1&start=1537862401000
                            close    high     low
time                                             
2018-09-25 17:00:00+08:00  6418.3  6427.1  6385.3
tBTCUSD1h20180925 16:00:0120180925 17:00:05
1
updating date at time2018-09-25 18:00:12.141163
data updated at time2018-09-25 18:00:12.141187
/usr/lib/python3/dist-packages/urllib3/connectionpool.py:794: InsecureRequestWarning: Unverified HTTPS request is being made. Adding certificate verification is strongly advised. See: https://urllib3.readthedocs.org/en/latest/security.html
  InsecureRequestWarning)
/usr/local/lib/python3.5/dist-packages/pandas/core/indexing.py:189: SettingWithCopyWarning: 
A value is trying to be set on a copy of a slice from a DataFrame

See the caveats in the documentation: http://pandas.pydata.org/pandas-docs/stable/indexing.html#indexing-view-versus-copy
  self._setitem_with_indexer(indexer, value)
1hBTCUSDdata_bitfinex
<class 'str'>
20180925 17:00:01,20180925 18:00:06
....requesting url:https://api.bitfinex.com/v2/candles/trade:1h:tBTCUSD/hist?end=1537869606000.0&limit=1&sort=-1&start=1537866001000
                            close    high   low
time                                           
2018-09-25 18:00:00+08:00  6411.2  6433.9  6392
tBTCUSD1h20180925 17:00:0120180925 18:00:06
1
updating date at time2018-09-25 19:00:12.928696
data updated at time2018-09-25 19:00:12.928728
/usr/lib/python3/dist-packages/urllib3/connectionpool.py:794: InsecureRequestWarning: Unverified HTTPS request is being made. Adding certificate verification is strongly advised. See: https://urllib3.readthedocs.org/en/latest/security.html
  InsecureRequestWarning)
/usr/local/lib/python3.5/dist-packages/pandas/core/indexing.py:189: SettingWithCopyWarning: 
A value is trying to be set on a copy of a slice from a DataFrame

See the caveats in the documentation: http://pandas.pydata.org/pandas-docs/stable/indexing.html#indexing-view-versus-copy
  self._setitem_with_indexer(indexer, value)
1hBTCUSDdata_bitfinex
<class 'str'>
20180925 18:00:01,20180925 19:00:05
....requesting url:https://api.bitfinex.com/v2/candles/trade:1h:tBTCUSD/hist?end=1537873205000.0&limit=1&sort=-1&start=1537869601000
                           close    high          low
time                                                 
2018-09-25 19:00:00+08:00   6403  6411.3  6373.790724
tBTCUSD1h20180925 18:00:0120180925 19:00:05
1
updating date at time2018-09-25 20:00:11.996563
data updated at time2018-09-25 20:00:11.996593
/usr/lib/python3/dist-packages/urllib3/connectionpool.py:794: InsecureRequestWarning: Unverified HTTPS request is being made. Adding certificate verification is strongly advised. See: https://urllib3.readthedocs.org/en/latest/security.html
  InsecureRequestWarning)
/usr/local/lib/python3.5/dist-packages/pandas/core/indexing.py:189: SettingWithCopyWarning: 
A value is trying to be set on a copy of a slice from a DataFrame

See the caveats in the documentation: http://pandas.pydata.org/pandas-docs/stable/indexing.html#indexing-view-versus-copy
  self._setitem_with_indexer(indexer, value)
1hBTCUSDdata_bitfinex
<class 'str'>
20180925 19:00:01,20180925 20:00:06
....requesting url:https://api.bitfinex.com/v2/candles/trade:1h:tBTCUSD/hist?end=1537876806000.0&limit=1&sort=-1&start=1537873201000
                            close    high     low
time                                             
2018-09-25 20:00:00+08:00  6442.1  6448.9  6389.3
tBTCUSD1h20180925 19:00:0120180925 20:00:06
1
updating date at time2018-09-25 21:00:12.736343
data updated at time2018-09-25 21:00:12.736368
/usr/lib/python3/dist-packages/urllib3/connectionpool.py:794: InsecureRequestWarning: Unverified HTTPS request is being made. Adding certificate verification is strongly advised. See: https://urllib3.readthedocs.org/en/latest/security.html
  InsecureRequestWarning)
/usr/local/lib/python3.5/dist-packages/pandas/core/indexing.py:189: SettingWithCopyWarning: 
A value is trying to be set on a copy of a slice from a DataFrame

See the caveats in the documentation: http://pandas.pydata.org/pandas-docs/stable/indexing.html#indexing-view-versus-copy
  self._setitem_with_indexer(indexer, value)
1hBTCUSDdata_bitfinex
<class 'str'>
20180925 20:00:01,20180925 21:00:06
....requesting url:https://api.bitfinex.com/v2/candles/trade:1h:tBTCUSD/hist?end=1537880406000.0&limit=1&sort=-1&start=1537876801000
                           close    high     low
time                                            
2018-09-25 21:00:00+08:00   6421  6442.4  6419.5
tBTCUSD1h20180925 20:00:0120180925 21:00:06
1
updating date at time2018-09-25 22:00:13.224167
data updated at time2018-09-25 22:00:13.224199
/usr/lib/python3/dist-packages/urllib3/connectionpool.py:794: InsecureRequestWarning: Unverified HTTPS request is being made. Adding certificate verification is strongly advised. See: https://urllib3.readthedocs.org/en/latest/security.html
  InsecureRequestWarning)
/usr/local/lib/python3.5/dist-packages/pandas/core/indexing.py:189: SettingWithCopyWarning: 
A value is trying to be set on a copy of a slice from a DataFrame

See the caveats in the documentation: http://pandas.pydata.org/pandas-docs/stable/indexing.html#indexing-view-versus-copy
  self._setitem_with_indexer(indexer, value)
1hBTCUSDdata_bitfinex
<class 'str'>
20180925 21:00:01,20180925 22:00:06
....requesting url:https://api.bitfinex.com/v2/candles/trade:1h:tBTCUSD/hist?end=1537884006000.0&limit=1&sort=-1&start=1537880401000
                                 close    high   low
time                                                
2018-09-25 22:00:00+08:00  6423.025558  6435.7  6394
tBTCUSD1h20180925 21:00:0120180925 22:00:06
1
updating date at time2018-09-25 23:00:12.828447
data updated at time2018-09-25 23:00:12.828470
/usr/lib/python3/dist-packages/urllib3/connectionpool.py:794: InsecureRequestWarning: Unverified HTTPS request is being made. Adding certificate verification is strongly advised. See: https://urllib3.readthedocs.org/en/latest/security.html
  InsecureRequestWarning)
/usr/local/lib/python3.5/dist-packages/pandas/core/indexing.py:189: SettingWithCopyWarning: 
A value is trying to be set on a copy of a slice from a DataFrame

See the caveats in the documentation: http://pandas.pydata.org/pandas-docs/stable/indexing.html#indexing-view-versus-copy
  self._setitem_with_indexer(indexer, value)
1hBTCUSDdata_bitfinex
<class 'str'>
20180925 22:00:01,20180925 23:00:06
....requesting url:https://api.bitfinex.com/v2/candles/trade:1h:tBTCUSD/hist?end=1537887606000.0&limit=1&sort=-1&start=1537884001000
                                 close    high          low
time                                                       
2018-09-25 23:00:00+08:00  6407.061947  6424.3  6370.564799
tBTCUSD1h20180925 22:00:0120180925 23:00:06
1
updating date at time2018-09-26 00:00:12.346823
data updated at time2018-09-26 00:00:12.346849
/usr/lib/python3/dist-packages/urllib3/connectionpool.py:794: InsecureRequestWarning: Unverified HTTPS request is being made. Adding certificate verification is strongly advised. See: https://urllib3.readthedocs.org/en/latest/security.html
  InsecureRequestWarning)
/usr/local/lib/python3.5/dist-packages/pandas/core/indexing.py:189: SettingWithCopyWarning: 
A value is trying to be set on a copy of a slice from a DataFrame

See the caveats in the documentation: http://pandas.pydata.org/pandas-docs/stable/indexing.html#indexing-view-versus-copy
  self._setitem_with_indexer(indexer, value)
1hBTCUSDdata_bitfinex
<class 'str'>
20180925 23:00:01,20180926 00:00:06
....requesting url:https://api.bitfinex.com/v2/candles/trade:1h:tBTCUSD/hist?end=1537891206000.0&limit=1&sort=-1&start=1537887601000
                            close    high     low
time                                             
2018-09-26 00:00:00+08:00  6391.2  6426.3  6391.1
tBTCUSD1h20180925 23:00:0120180926 00:00:06
1
updating date at time2018-09-26 01:00:13.010513
data updated at time2018-09-26 01:00:13.010541
/usr/lib/python3/dist-packages/urllib3/connectionpool.py:794: InsecureRequestWarning: Unverified HTTPS request is being made. Adding certificate verification is strongly advised. See: https://urllib3.readthedocs.org/en/latest/security.html
  InsecureRequestWarning)
/usr/local/lib/python3.5/dist-packages/pandas/core/indexing.py:189: SettingWithCopyWarning: 
A value is trying to be set on a copy of a slice from a DataFrame

See the caveats in the documentation: http://pandas.pydata.org/pandas-docs/stable/indexing.html#indexing-view-versus-copy
  self._setitem_with_indexer(indexer, value)
1hBTCUSDdata_bitfinex
<class 'str'>
20180926 00:00:01,20180926 01:00:06
....requesting url:https://api.bitfinex.com/v2/candles/trade:1h:tBTCUSD/hist?end=1537894806000.0&limit=1&sort=-1&start=1537891201000
                            close         high          low
time                                                       
2018-09-26 01:00:00+08:00  6393.4  6406.111152  6367.641782
tBTCUSD1h20180926 00:00:0120180926 01:00:06
1
updating date at time2018-09-26 02:00:12.632620
data updated at time2018-09-26 02:00:12.632645
/usr/lib/python3/dist-packages/urllib3/connectionpool.py:794: InsecureRequestWarning: Unverified HTTPS request is being made. Adding certificate verification is strongly advised. See: https://urllib3.readthedocs.org/en/latest/security.html
  InsecureRequestWarning)
/usr/local/lib/python3.5/dist-packages/pandas/core/indexing.py:189: SettingWithCopyWarning: 
A value is trying to be set on a copy of a slice from a DataFrame

See the caveats in the documentation: http://pandas.pydata.org/pandas-docs/stable/indexing.html#indexing-view-versus-copy
  self._setitem_with_indexer(indexer, value)
1hBTCUSDdata_bitfinex
<class 'str'>
20180926 01:00:01,20180926 02:00:06
....requesting url:https://api.bitfinex.com/v2/candles/trade:1h:tBTCUSD/hist?end=1537898406000.0&limit=1&sort=-1&start=1537894801000
                            close    high   low
time                                           
2018-09-26 02:00:00+08:00  6352.5  6393.5  6328
tBTCUSD1h20180926 01:00:0120180926 02:00:06
1
updating date at time2018-09-26 03:00:12.830998
data updated at time2018-09-26 03:00:12.831036
/usr/lib/python3/dist-packages/urllib3/connectionpool.py:794: InsecureRequestWarning: Unverified HTTPS request is being made. Adding certificate verification is strongly advised. See: https://urllib3.readthedocs.org/en/latest/security.html
  InsecureRequestWarning)
/usr/local/lib/python3.5/dist-packages/pandas/core/indexing.py:189: SettingWithCopyWarning: 
A value is trying to be set on a copy of a slice from a DataFrame

See the caveats in the documentation: http://pandas.pydata.org/pandas-docs/stable/indexing.html#indexing-view-versus-copy
  self._setitem_with_indexer(indexer, value)
1hBTCUSDdata_bitfinex
<class 'str'>
20180926 02:00:01,20180926 03:00:05
....requesting url:https://api.bitfinex.com/v2/candles/trade:1h:tBTCUSD/hist?end=1537902005000.0&limit=1&sort=-1&start=1537898401000
                                close    high          low
time                                                      
2018-09-26 03:00:00+08:00  6368.75967  6381.6  6347.284262
tBTCUSD1h20180926 02:00:0120180926 03:00:05
1
updating date at time2018-09-26 04:00:12.063021
data updated at time2018-09-26 04:00:12.063046
/usr/lib/python3/dist-packages/urllib3/connectionpool.py:794: InsecureRequestWarning: Unverified HTTPS request is being made. Adding certificate verification is strongly advised. See: https://urllib3.readthedocs.org/en/latest/security.html
  InsecureRequestWarning)
/usr/local/lib/python3.5/dist-packages/pandas/core/indexing.py:189: SettingWithCopyWarning: 
A value is trying to be set on a copy of a slice from a DataFrame

See the caveats in the documentation: http://pandas.pydata.org/pandas-docs/stable/indexing.html#indexing-view-versus-copy
  self._setitem_with_indexer(indexer, value)
1hBTCUSDdata_bitfinex
<class 'str'>
20180926 03:00:01,20180926 04:00:06
....requesting url:https://api.bitfinex.com/v2/candles/trade:1h:tBTCUSD/hist?end=1537905606000.0&limit=1&sort=-1&start=1537902001000
                            close  high         low
time                                               
2018-09-26 04:00:00+08:00  6395.3  6423  6368.31702
tBTCUSD1h20180926 03:00:0120180926 04:00:06
1
updating date at time2018-09-26 05:00:12.664292
data updated at time2018-09-26 05:00:12.664317
/usr/lib/python3/dist-packages/urllib3/connectionpool.py:794: InsecureRequestWarning: Unverified HTTPS request is being made. Adding certificate verification is strongly advised. See: https://urllib3.readthedocs.org/en/latest/security.html
  InsecureRequestWarning)
/usr/local/lib/python3.5/dist-packages/pandas/core/indexing.py:189: SettingWithCopyWarning: 
A value is trying to be set on a copy of a slice from a DataFrame

See the caveats in the documentation: http://pandas.pydata.org/pandas-docs/stable/indexing.html#indexing-view-versus-copy
  self._setitem_with_indexer(indexer, value)
1hBTCUSDdata_bitfinex
<class 'str'>
20180926 04:00:01,20180926 05:00:06
....requesting url:https://api.bitfinex.com/v2/candles/trade:1h:tBTCUSD/hist?end=1537909206000.0&limit=1&sort=-1&start=1537905601000
                            close    high     low
time                                             
2018-09-26 05:00:00+08:00  6396.6  6405.6  6383.1
tBTCUSD1h20180926 04:00:0120180926 05:00:06
1
updating date at time2018-09-26 06:00:12.689085
data updated at time2018-09-26 06:00:12.689121
/usr/lib/python3/dist-packages/urllib3/connectionpool.py:794: InsecureRequestWarning: Unverified HTTPS request is being made. Adding certificate verification is strongly advised. See: https://urllib3.readthedocs.org/en/latest/security.html
  InsecureRequestWarning)
/usr/local/lib/python3.5/dist-packages/pandas/core/indexing.py:189: SettingWithCopyWarning: 
A value is trying to be set on a copy of a slice from a DataFrame

See the caveats in the documentation: http://pandas.pydata.org/pandas-docs/stable/indexing.html#indexing-view-versus-copy
  self._setitem_with_indexer(indexer, value)
1hBTCUSDdata_bitfinex
<class 'str'>
20180926 05:00:01,20180926 06:00:06
....requesting url:https://api.bitfinex.com/v2/candles/trade:1h:tBTCUSD/hist?end=1537912806000.0&limit=1&sort=-1&start=1537909201000
                            close  high   low
time                                         
2018-09-26 06:00:00+08:00  6397.5  6419  6381
tBTCUSD1h20180926 05:00:0120180926 06:00:06
1
updating date at time2018-09-26 07:00:12.700435
data updated at time2018-09-26 07:00:12.700459
/usr/lib/python3/dist-packages/urllib3/connectionpool.py:794: InsecureRequestWarning: Unverified HTTPS request is being made. Adding certificate verification is strongly advised. See: https://urllib3.readthedocs.org/en/latest/security.html
  InsecureRequestWarning)
/usr/local/lib/python3.5/dist-packages/pandas/core/indexing.py:189: SettingWithCopyWarning: 
A value is trying to be set on a copy of a slice from a DataFrame

See the caveats in the documentation: http://pandas.pydata.org/pandas-docs/stable/indexing.html#indexing-view-versus-copy
  self._setitem_with_indexer(indexer, value)
1hBTCUSDdata_bitfinex
<class 'str'>
20180926 06:00:01,20180926 07:00:06
....requesting url:https://api.bitfinex.com/v2/candles/trade:1h:tBTCUSD/hist?end=1537916406000.0&limit=1&sort=-1&start=1537912801000
                            close    high     low
time                                             
2018-09-26 07:00:00+08:00  6442.8  6442.8  6394.2
tBTCUSD1h20180926 06:00:0120180926 07:00:06
1
updating date at time2018-09-26 08:00:12.352559
data updated at time2018-09-26 08:00:12.352587
/usr/lib/python3/dist-packages/urllib3/connectionpool.py:794: InsecureRequestWarning: Unverified HTTPS request is being made. Adding certificate verification is strongly advised. See: https://urllib3.readthedocs.org/en/latest/security.html
  InsecureRequestWarning)
/usr/local/lib/python3.5/dist-packages/pandas/core/indexing.py:189: SettingWithCopyWarning: 
A value is trying to be set on a copy of a slice from a DataFrame

See the caveats in the documentation: http://pandas.pydata.org/pandas-docs/stable/indexing.html#indexing-view-versus-copy
  self._setitem_with_indexer(indexer, value)
1hBTCUSDdata_bitfinex
<class 'str'>
20180926 07:00:01,20180926 08:00:06
....requesting url:https://api.bitfinex.com/v2/candles/trade:1h:tBTCUSD/hist?end=1537920006000.0&limit=1&sort=-1&start=1537916401000
                           close    high     low
time                                            
2018-09-26 08:00:00+08:00   6413  6443.5  6404.1
tBTCUSD1h20180926 07:00:0120180926 08:00:06
1
updating date at time2018-09-26 09:00:13.125675
data updated at time2018-09-26 09:00:13.125698
/usr/lib/python3/dist-packages/urllib3/connectionpool.py:794: InsecureRequestWarning: Unverified HTTPS request is being made. Adding certificate verification is strongly advised. See: https://urllib3.readthedocs.org/en/latest/security.html
  InsecureRequestWarning)
/usr/local/lib/python3.5/dist-packages/pandas/core/indexing.py:189: SettingWithCopyWarning: 
A value is trying to be set on a copy of a slice from a DataFrame

See the caveats in the documentation: http://pandas.pydata.org/pandas-docs/stable/indexing.html#indexing-view-versus-copy
  self._setitem_with_indexer(indexer, value)
1hBTCUSDdata_bitfinex
<class 'str'>
20180926 08:00:01,20180926 09:00:06
....requesting url:https://api.bitfinex.com/v2/candles/trade:1h:tBTCUSD/hist?end=1537923606000.0&limit=1&sort=-1&start=1537920001000
                           close    high     low
time                                            
2018-09-26 09:00:00+08:00   6400  6417.3  6382.5
tBTCUSD1h20180926 08:00:0120180926 09:00:06
1
updating date at time2018-09-26 10:00:18.368284
data updated at time2018-09-26 10:00:18.368315
/usr/lib/python3/dist-packages/urllib3/connectionpool.py:794: InsecureRequestWarning: Unverified HTTPS request is being made. Adding certificate verification is strongly advised. See: https://urllib3.readthedocs.org/en/latest/security.html
  InsecureRequestWarning)
/usr/local/lib/python3.5/dist-packages/pandas/core/indexing.py:189: SettingWithCopyWarning: 
A value is trying to be set on a copy of a slice from a DataFrame

See the caveats in the documentation: http://pandas.pydata.org/pandas-docs/stable/indexing.html#indexing-view-versus-copy
  self._setitem_with_indexer(indexer, value)
1hBTCUSDdata_bitfinex
<class 'str'>
20180926 09:00:01,20180926 10:00:06
....requesting url:https://api.bitfinex.com/v2/candles/trade:1h:tBTCUSD/hist?end=1537927206000.0&limit=1&sort=-1&start=1537923601000
                           close    high     low
time                                            
2018-09-26 10:00:00+08:00   6402  6411.3  6399.9
tBTCUSD1h20180926 09:00:0120180926 10:00:06
1
updating date at time2018-09-26 11:00:13.040942
data updated at time2018-09-26 11:00:13.040968
/usr/lib/python3/dist-packages/urllib3/connectionpool.py:794: InsecureRequestWarning: Unverified HTTPS request is being made. Adding certificate verification is strongly advised. See: https://urllib3.readthedocs.org/en/latest/security.html
  InsecureRequestWarning)
/usr/local/lib/python3.5/dist-packages/pandas/core/indexing.py:189: SettingWithCopyWarning: 
A value is trying to be set on a copy of a slice from a DataFrame

See the caveats in the documentation: http://pandas.pydata.org/pandas-docs/stable/indexing.html#indexing-view-versus-copy
  self._setitem_with_indexer(indexer, value)
1hBTCUSDdata_bitfinex
<class 'str'>
20180926 10:00:01,20180926 11:00:06
....requesting url:https://api.bitfinex.com/v2/candles/trade:1h:tBTCUSD/hist?end=1537930806000.0&limit=1&sort=-1&start=1537927201000
                                 close  high   low
time                                              
2018-09-26 11:00:00+08:00  6388.806491  6406  6388
tBTCUSD1h20180926 10:00:0120180926 11:00:06
1
updating date at time2018-09-26 12:00:13.709574
data updated at time2018-09-26 12:00:13.709599
/usr/lib/python3/dist-packages/urllib3/connectionpool.py:794: InsecureRequestWarning: Unverified HTTPS request is being made. Adding certificate verification is strongly advised. See: https://urllib3.readthedocs.org/en/latest/security.html
  InsecureRequestWarning)
/usr/local/lib/python3.5/dist-packages/pandas/core/indexing.py:189: SettingWithCopyWarning: 
A value is trying to be set on a copy of a slice from a DataFrame

See the caveats in the documentation: http://pandas.pydata.org/pandas-docs/stable/indexing.html#indexing-view-versus-copy
  self._setitem_with_indexer(indexer, value)
1hBTCUSDdata_bitfinex
<class 'str'>
20180926 11:00:01,20180926 12:00:06
....requesting url:https://api.bitfinex.com/v2/candles/trade:1h:tBTCUSD/hist?end=1537934406000.0&limit=1&sort=-1&start=1537930801000
                            close    high     low
time                                             
2018-09-26 12:00:00+08:00  6402.7  6407.9  6388.1
tBTCUSD1h20180926 11:00:0120180926 12:00:06
1
updating date at time2018-09-26 13:00:12.782256
data updated at time2018-09-26 13:00:12.782287
/usr/lib/python3/dist-packages/urllib3/connectionpool.py:794: InsecureRequestWarning: Unverified HTTPS request is being made. Adding certificate verification is strongly advised. See: https://urllib3.readthedocs.org/en/latest/security.html
  InsecureRequestWarning)
/usr/local/lib/python3.5/dist-packages/pandas/core/indexing.py:189: SettingWithCopyWarning: 
A value is trying to be set on a copy of a slice from a DataFrame

See the caveats in the documentation: http://pandas.pydata.org/pandas-docs/stable/indexing.html#indexing-view-versus-copy
  self._setitem_with_indexer(indexer, value)
1hBTCUSDdata_bitfinex
<class 'str'>
20180926 12:00:01,20180926 13:00:07
....requesting url:https://api.bitfinex.com/v2/candles/trade:1h:tBTCUSD/hist?end=1537938007000.0&limit=1&sort=-1&start=1537934401000
                           close    high     low
time                                            
2018-09-26 13:00:00+08:00   6450  6465.9  6402.7
tBTCUSD1h20180926 12:00:0120180926 13:00:07
1
updating date at time2018-09-26 14:00:13.821567
data updated at time2018-09-26 14:00:13.821604
/usr/lib/python3/dist-packages/urllib3/connectionpool.py:794: InsecureRequestWarning: Unverified HTTPS request is being made. Adding certificate verification is strongly advised. See: https://urllib3.readthedocs.org/en/latest/security.html
  InsecureRequestWarning)
/usr/local/lib/python3.5/dist-packages/pandas/core/indexing.py:189: SettingWithCopyWarning: 
A value is trying to be set on a copy of a slice from a DataFrame

See the caveats in the documentation: http://pandas.pydata.org/pandas-docs/stable/indexing.html#indexing-view-versus-copy
  self._setitem_with_indexer(indexer, value)
1hBTCUSDdata_bitfinex
<class 'str'>
20180926 13:00:01,20180926 14:00:06
....requesting url:https://api.bitfinex.com/v2/candles/trade:1h:tBTCUSD/hist?end=1537941606000.0&limit=1&sort=-1&start=1537938001000
                            close    high     low
time                                             
2018-09-26 14:00:00+08:00  6431.1  6455.5  6427.9
tBTCUSD1h20180926 13:00:0120180926 14:00:06
1
updating date at time2018-09-26 15:00:13.093728
data updated at time2018-09-26 15:00:13.093754
/usr/lib/python3/dist-packages/urllib3/connectionpool.py:794: InsecureRequestWarning: Unverified HTTPS request is being made. Adding certificate verification is strongly advised. See: https://urllib3.readthedocs.org/en/latest/security.html
  InsecureRequestWarning)
/usr/local/lib/python3.5/dist-packages/pandas/core/indexing.py:189: SettingWithCopyWarning: 
A value is trying to be set on a copy of a slice from a DataFrame

See the caveats in the documentation: http://pandas.pydata.org/pandas-docs/stable/indexing.html#indexing-view-versus-copy
  self._setitem_with_indexer(indexer, value)
1hBTCUSDdata_bitfinex
<class 'str'>
20180926 14:00:01,20180926 15:00:06
....requesting url:https://api.bitfinex.com/v2/candles/trade:1h:tBTCUSD/hist?end=1537945206000.0&limit=1&sort=-1&start=1537941601000
                            close  high         low
time                                               
2018-09-26 15:00:00+08:00  6452.8  6473  6431.09889
tBTCUSD1h20180926 14:00:0120180926 15:00:06
1
updating date at time2018-09-26 16:00:13.046220
data updated at time2018-09-26 16:00:13.046245
